#! /usr/bin/vvp
:ivl_version "10.3 (stable)";
:ivl_delay_selection "TYPICAL";
:vpi_time_precision - 10;
:vpi_module "system";
:vpi_module "vhdl_sys";
:vpi_module "v2005_math";
:vpi_module "va_math";
S_0x556d03a924b0 .scope module, "top_module_tb" "top_module_tb" 2 10;
 .timescale -9 -10;
v0x556d03aa2560_0 .var "in", 0 0;
v0x556d03aa2600_0 .net "out", 0 0, L_0x556d03aa26d0;  1 drivers
S_0x556d03a92630 .scope module, "top_module_inst" "top_module" 2 15, 3 11 0, S_0x556d03a924b0;
 .timescale -9 -10;
    .port_info 0 /INPUT 1 "in"
    .port_info 1 /OUTPUT 1 "out"
L_0x556d03aa26d0 .functor BUFZ 1, v0x556d03aa2560_0, C4<0>, C4<0>, C4<0>;
v0x556d03a5d090_0 .net "in", 0 0, v0x556d03aa2560_0;  1 drivers
v0x556d03aa2440_0 .net "out", 0 0, L_0x556d03aa26d0;  alias, 1 drivers
    .scope S_0x556d03a924b0;
T_0 ;
    %vpi_call 2 19 "$monitor", "Time = %0d in = %b\011out = %b", $time, v0x556d03aa2560_0, v0x556d03aa2600_0 {0 0 0};
    %delay 0, 0;
    %pushi/vec4 0, 0, 1;
    %store/vec4 v0x556d03aa2560_0, 0, 1;
    %delay 100, 0;
    %pushi/vec4 1, 0, 1;
    %store/vec4 v0x556d03aa2560_0, 0, 1;
    %delay 100, 0;
    %pushi/vec4 0, 0, 1;
    %store/vec4 v0x556d03aa2560_0, 0, 1;
    %delay 100, 0;
    %pushi/vec4 1, 0, 1;
    %store/vec4 v0x556d03aa2560_0, 0, 1;
    %delay 100, 0;
    %pushi/vec4 0, 0, 1;
    %store/vec4 v0x556d03aa2560_0, 0, 1;
    %end;
    .thread T_0;
# The file index is used to find the file name in the following table.
:file_names 4;
    "N/A";
    "<interactive>";
    "hdlbits_03_wire_tb.v";
    "./hdlbits_03_wire.v";
