#! /usr/bin/vvp
:ivl_version "10.3 (stable)";
:ivl_delay_selection "TYPICAL";
:vpi_time_precision - 10;
:vpi_module "system";
:vpi_module "vhdl_sys";
:vpi_module "v2005_math";
:vpi_module "va_math";
S_0x55916363b130 .scope module, "top_module_tb" "top_module_tb" 2 10;
 .timescale -9 -10;
L_0x7ff866a78018 .functor BUFT 1, C4<0>, C4<0>, C4<0>, C4<0>;
v0x559163680120_0 .net "zero", 0 0, L_0x7ff866a78018;  1 drivers
S_0x55916363b2b0 .scope module, "top_module_inst" "top_module" 2 14, 3 11 0, S_0x55916363b130;
 .timescale -9 -10;
    .port_info 0 /OUTPUT 1 "zero"
v0x55916364ed50_0 .net "zero", 0 0, L_0x7ff866a78018;  alias, 1 drivers
    .scope S_0x55916363b130;
T_0 ;
    %delay 0, 0;
    %vpi_call 2 18 "$display", "Time = %0d one = %b", $time, v0x559163680120_0 {0 0 0};
    %delay 100, 0;
    %vpi_call 2 19 "$display", "Time = %0d one = %b", $time, v0x559163680120_0 {0 0 0};
    %delay 100, 0;
    %vpi_call 2 20 "$display", "Time = %0d one = %b", $time, v0x559163680120_0 {0 0 0};
    %delay 100, 0;
    %vpi_call 2 21 "$display", "Time = %0d one = %b", $time, v0x559163680120_0 {0 0 0};
    %end;
    .thread T_0;
# The file index is used to find the file name in the following table.
:file_names 4;
    "N/A";
    "<interactive>";
    "hdlbits_02_zero_tb.sv";
    "./hdlbits_02_zero.sv";
