#! /usr/bin/vvp
:ivl_version "10.3 (stable)";
:ivl_delay_selection "TYPICAL";
:vpi_time_precision - 10;
:vpi_module "system";
:vpi_module "vhdl_sys";
:vpi_module "v2005_math";
:vpi_module "va_math";
S_0x55bcc2a775e0 .scope module, "top_module_tb" "top_module_tb" 2 10;
 .timescale -9 -10;
v0x55bcc2a8bf80_0 .var "a", 0 0;
v0x55bcc2a8c040_0 .var "b", 0 0;
v0x55bcc2a8c0e0_0 .var "c", 0 0;
v0x55bcc2a8c1b0_0 .net "w", 0 0, L_0x55bcc2a54990;  1 drivers
v0x55bcc2a8c280_0 .net "x", 0 0, L_0x55bcc2a54a00;  1 drivers
v0x55bcc2a8c370_0 .net "y", 0 0, L_0x55bcc2a8c650;  1 drivers
v0x55bcc2a8c440_0 .net "z", 0 0, L_0x55bcc2a8c710;  1 drivers
S_0x55bcc2a77760 .scope module, "top_module_inst" "top_module" 2 15, 3 16 0, S_0x55bcc2a775e0;
 .timescale -9 -10;
    .port_info 0 /INPUT 1 "a"
    .port_info 1 /INPUT 1 "b"
    .port_info 2 /INPUT 1 "c"
    .port_info 3 /OUTPUT 1 "w"
    .port_info 4 /OUTPUT 1 "x"
    .port_info 5 /OUTPUT 1 "y"
    .port_info 6 /OUTPUT 1 "z"
L_0x55bcc2a54990 .functor BUFZ 1, v0x55bcc2a8bf80_0, C4<0>, C4<0>, C4<0>;
L_0x55bcc2a54a00 .functor BUFZ 1, v0x55bcc2a8c040_0, C4<0>, C4<0>, C4<0>;
L_0x55bcc2a8c650 .functor BUFZ 1, v0x55bcc2a8c040_0, C4<0>, C4<0>, C4<0>;
L_0x55bcc2a8c710 .functor BUFZ 1, v0x55bcc2a8c0e0_0, C4<0>, C4<0>, C4<0>;
v0x55bcc2a41140_0 .net "a", 0 0, v0x55bcc2a8bf80_0;  1 drivers
v0x55bcc2a8b9f0_0 .net "b", 0 0, v0x55bcc2a8c040_0;  1 drivers
v0x55bcc2a8bab0_0 .net "c", 0 0, v0x55bcc2a8c0e0_0;  1 drivers
v0x55bcc2a8bb50_0 .net "w", 0 0, L_0x55bcc2a54990;  alias, 1 drivers
v0x55bcc2a8bc10_0 .net "x", 0 0, L_0x55bcc2a54a00;  alias, 1 drivers
v0x55bcc2a8bd20_0 .net "y", 0 0, L_0x55bcc2a8c650;  alias, 1 drivers
v0x55bcc2a8bde0_0 .net "z", 0 0, L_0x55bcc2a8c710;  alias, 1 drivers
    .scope S_0x55bcc2a775e0;
T_0 ;
    %vpi_call 2 19 "$monitor", "Time = %0d\011a = %b\011b = %b\011c = %b\011w = %b\011x = %b\011y = %b\011z = %b", $time, v0x55bcc2a8bf80_0, v0x55bcc2a8c040_0, v0x55bcc2a8c0e0_0, v0x55bcc2a8c1b0_0, v0x55bcc2a8c280_0, v0x55bcc2a8c370_0, v0x55bcc2a8c440_0 {0 0 0};
    %delay 0, 0;
    %pushi/vec4 0, 0, 1;
    %store/vec4 v0x55bcc2a8bf80_0, 0, 1;
    %pushi/vec4 0, 0, 1;
    %store/vec4 v0x55bcc2a8c040_0, 0, 1;
    %pushi/vec4 0, 0, 1;
    %store/vec4 v0x55bcc2a8c0e0_0, 0, 1;
    %delay 100, 0;
    %pushi/vec4 0, 0, 1;
    %store/vec4 v0x55bcc2a8bf80_0, 0, 1;
    %pushi/vec4 0, 0, 1;
    %store/vec4 v0x55bcc2a8c040_0, 0, 1;
    %pushi/vec4 1, 0, 1;
    %store/vec4 v0x55bcc2a8c0e0_0, 0, 1;
    %delay 100, 0;
    %pushi/vec4 0, 0, 1;
    %store/vec4 v0x55bcc2a8bf80_0, 0, 1;
    %pushi/vec4 1, 0, 1;
    %store/vec4 v0x55bcc2a8c040_0, 0, 1;
    %pushi/vec4 1, 0, 1;
    %store/vec4 v0x55bcc2a8c0e0_0, 0, 1;
    %delay 100, 0;
    %pushi/vec4 1, 0, 1;
    %store/vec4 v0x55bcc2a8bf80_0, 0, 1;
    %pushi/vec4 0, 0, 1;
    %store/vec4 v0x55bcc2a8c040_0, 0, 1;
    %pushi/vec4 1, 0, 1;
    %store/vec4 v0x55bcc2a8c0e0_0, 0, 1;
    %delay 100, 0;
    %pushi/vec4 1, 0, 1;
    %store/vec4 v0x55bcc2a8bf80_0, 0, 1;
    %pushi/vec4 1, 0, 1;
    %store/vec4 v0x55bcc2a8c040_0, 0, 1;
    %pushi/vec4 0, 0, 1;
    %store/vec4 v0x55bcc2a8c0e0_0, 0, 1;
    %end;
    .thread T_0;
# The file index is used to find the file name in the following table.
:file_names 4;
    "N/A";
    "<interactive>";
    "hdlbits_04_wire4_tb.v";
    "./hdlbits_04_wire4.v";
